[debug] [2020-03-21T15:55:59.482Z] ----------------------------------------------------------------------
[debug] [2020-03-21T15:55:59.484Z] Command:       /home/horaciocome1/.nvm/versions/node/v12.14.1/bin/node /home/horaciocome1/.nvm/versions/node/v12.14.1/bin/firebase deploy
[debug] [2020-03-21T15:55:59.485Z] CLI Version:   7.15.1
[debug] [2020-03-21T15:55:59.485Z] Platform:      linux
[debug] [2020-03-21T15:55:59.485Z] Node Version:  v12.14.1
[debug] [2020-03-21T15:55:59.485Z] Time:          Sat Mar 21 2020 17:55:59 GMT+0200 (Central Africa Time)
[debug] [2020-03-21T15:55:59.485Z] ----------------------------------------------------------------------
[debug] [2020-03-21T15:55:59.486Z] 
[debug] [2020-03-21T15:55:59.494Z] > command requires scopes: ["email","openid","https://www.googleapis.com/auth/cloudplatformprojects.readonly","https://www.googleapis.com/auth/firebase","https://www.googleapis.com/auth/cloud-platform"]
[debug] [2020-03-21T15:55:59.495Z] > authorizing via signed-in user
[debug] [2020-03-21T15:55:59.495Z] [iam] checking project nexthome1 for permissions ["cloudfunctions.functions.create","cloudfunctions.functions.delete","cloudfunctions.functions.get","cloudfunctions.functions.list","cloudfunctions.functions.update","cloudfunctions.operations.get","firebase.projects.get"]
[debug] [2020-03-21T15:55:59.497Z] >>> HTTP REQUEST POST https://cloudresourcemanager.googleapis.com/v1/projects/nexthome1:testIamPermissions  

[debug] [2020-03-21T15:55:59.525Z] [iam] error while checking permissions, command may fail: FirebaseError: Server Error. getaddrinfo EAI_AGAIN cloudresourcemanager.googleapis.com
[info] 
[info] === Deploying to 'nexthome1'...
[info] 
[info] i  deploying functions
[info] Running command: npm --prefix "$RESOURCE_DIR" run lint
[info] Running command: npm --prefix "$RESOURCE_DIR" run build
[info] ✔  functions: Finished running predeploy script.
[debug] [2020-03-21T15:56:09.832Z] > [functions] package.json contents: {
  "name": "functions",
  "scripts": {
    "lint": "tslint --project tsconfig.json",
    "build": "tsc",
    "serve": "npm run build && firebase emulators:start --only functions",
    "shell": "npm run build && firebase functions:shell",
    "start": "npm run shell",
    "deploy": "firebase deploy --only functions",
    "logs": "firebase functions:log"
  },
  "engines": {
    "node": "8"
  },
  "main": "lib/index.js",
  "dependencies": {
    "firebase-admin": "^8.6.0",
    "firebase-functions": "^3.3.0"
  },
  "devDependencies": {
    "tslint": "^5.12.0",
    "typescript": "^3.2.2",
    "firebase-functions-test": "^0.1.6"
  },
  "private": true
}
[info] i  functions: ensuring necessary APIs are enabled...
[debug] [2020-03-21T15:56:09.834Z] >>> HTTP REQUEST GET https://serviceusage.googleapis.com/v1/projects/nexthome1/services/cloudfunctions.googleapis.com  
 
[debug] [2020-03-21T15:56:09.835Z] >>> HTTP REQUEST GET https://serviceusage.googleapis.com/v1/projects/nexthome1/services/runtimeconfig.googleapis.com  
 
[debug] [2020-03-21T15:56:09.845Z] Error: getaddrinfo EAI_AGAIN serviceusage.googleapis.com
    at GetAddrInfoReqWrap.onlookup [as oncomplete] (dns.js:60:26)
[error] 
[error] Error: Server Error. getaddrinfo EAI_AGAIN serviceusage.googleapis.com
