[debug] [2020-03-22T16:19:28.643Z] ----------------------------------------------------------------------
[debug] [2020-03-22T16:19:28.646Z] Command:       /home/horaciocome1/.nvm/versions/node/v12.14.1/bin/node /home/horaciocome1/.nvm/versions/node/v12.14.1/bin/firebase deploy --only functions
[debug] [2020-03-22T16:19:28.646Z] CLI Version:   7.15.1
[debug] [2020-03-22T16:19:28.646Z] Platform:      linux
[debug] [2020-03-22T16:19:28.646Z] Node Version:  v12.14.1
[debug] [2020-03-22T16:19:28.656Z] Time:          Sun Mar 22 2020 18:19:28 GMT+0200 (Central Africa Time)
[debug] [2020-03-22T16:19:28.657Z] ----------------------------------------------------------------------
[debug] [2020-03-22T16:19:28.657Z] 
[debug] [2020-03-22T16:19:28.706Z] > command requires scopes: ["email","openid","https://www.googleapis.com/auth/cloudplatformprojects.readonly","https://www.googleapis.com/auth/firebase","https://www.googleapis.com/auth/cloud-platform"]
[debug] [2020-03-22T16:19:28.707Z] > authorizing via signed-in user
[debug] [2020-03-22T16:19:28.707Z] [iam] checking project nexthome1 for permissions ["cloudfunctions.functions.create","cloudfunctions.functions.delete","cloudfunctions.functions.get","cloudfunctions.functions.list","cloudfunctions.functions.update","cloudfunctions.operations.get","firebase.projects.get"]
[debug] [2020-03-22T16:19:28.710Z] > refreshing access token with scopes: ["email","https://www.googleapis.com/auth/cloud-platform","https://www.googleapis.com/auth/cloudplatformprojects.readonly","https://www.googleapis.com/auth/firebase","openid"]
[debug] [2020-03-22T16:19:28.710Z] >>> HTTP REQUEST POST https://www.googleapis.com/oauth2/v3/token  
 <request body omitted>
[debug] [2020-03-22T16:19:30.571Z] <<< HTTP RESPONSE 200
[debug] [2020-03-22T16:19:30.579Z] >>> HTTP REQUEST POST https://cloudresourcemanager.googleapis.com/v1/projects/nexthome1:testIamPermissions  

[debug] [2020-03-22T16:19:33.559Z] <<< HTTP RESPONSE 200
[info] 
[info] === Deploying to 'nexthome1'...
[info] 
[info] i  deploying functions
[info] Running command: npm --prefix "$RESOURCE_DIR" run lint
[info] Running command: npm --prefix "$RESOURCE_DIR" run build
[info] ✔  functions: Finished running predeploy script.
[debug] [2020-03-22T16:19:55.915Z] > [functions] package.json contents: {
  "name": "functions",
  "scripts": {
    "lint": "tslint --project tsconfig.json",
    "build": "tsc",
    "serve": "npm run build && firebase emulators:start --only functions",
    "shell": "npm run build && firebase functions:shell",
    "start": "npm run shell",
    "deploy": "firebase deploy --only functions",
    "logs": "firebase functions:log"
  },
  "engines": {
    "node": "8"
  },
  "main": "lib/index.js",
  "dependencies": {
    "firebase-admin": "^8.6.0",
    "firebase-functions": "^3.3.0"
  },
  "devDependencies": {
    "tslint": "^5.12.0",
    "typescript": "^3.2.2",
    "firebase-functions-test": "^0.1.6"
  },
  "private": true
}
[info] i  functions: ensuring necessary APIs are enabled...
[debug] [2020-03-22T16:19:55.918Z] >>> HTTP REQUEST GET https://serviceusage.googleapis.com/v1/projects/nexthome1/services/cloudfunctions.googleapis.com  
 
[debug] [2020-03-22T16:19:55.919Z] >>> HTTP REQUEST GET https://serviceusage.googleapis.com/v1/projects/nexthome1/services/runtimeconfig.googleapis.com  
 
[debug] [2020-03-22T16:20:10.935Z] Error: getaddrinfo EAI_AGAIN serviceusage.googleapis.com
    at GetAddrInfoReqWrap.onlookup [as oncomplete] (dns.js:60:26)
[error] 
[error] Error: Server Error. getaddrinfo EAI_AGAIN serviceusage.googleapis.com
